{"level":"error","message":"Email already exist","timestamp":"2022-05-30T04:40:38.035Z"}
{"level":"error","message":"Password are not matching","timestamp":"2022-05-30T04:41:30.627Z"}
{"level":"error","message":"Password are not matching","timestamp":"2022-05-30T04:42:00.260Z"}
{"level":"info","message":"User registered successfully","timestamp":"2022-05-30T04:42:11.607Z"}
{"level":"error","message":"Password incorrect","timestamp":"2022-05-30T04:42:32.059Z"}
{"level":"error","message":"Password incorrect","timestamp":"2022-05-30T05:12:32.442Z"}
{"level":"error","message":"Email already exist","timestamp":"2022-05-30T05:29:03.134Z"}
{"level":"error","message":"Email already exist","timestamp":"2022-05-30T05:39:17.684Z"}
{"level":"error","message":"User does not exist","timestamp":"2022-05-30T12:01:37.657Z"}
{"level":"error","message":"User does not exist","timestamp":"2022-05-31T12:27:06.024Z"}
{"level":"error","message":"User does not exist","timestamp":"2022-05-31T16:35:49.272Z"}
{"level":"error","message":"User does not exist","timestamp":"2022-05-31T18:23:03.718Z"}
{"level":"error","message":"User does not exist","timestamp":"2022-06-01T06:06:09.484Z"}
{"level":"error","message":"User does not exist","timestamp":"2022-06-02T05:05:49.258Z"}
{"level":"error","message":"User does not exist","timestamp":"2022-06-03T04:10:16.607Z"}
{"level":"error","message":"User does not exist","timestamp":"2022-06-03T05:40:25.954Z"}
{"level":"error","message":"User does not exist","timestamp":"2022-06-10T09:27:08.194Z"}
{"level":"error","message":"Password incorrect","timestamp":"2022-06-11T13:10:02.740Z"}
{"level":"error","message":"User does not exist","timestamp":"2022-06-20T05:18:58.128Z"}
{"level":"error","message":"User does not exist","timestamp":"2022-06-27T11:34:33.192Z"}
{"level":"error","message":"User does not exist","timestamp":"2022-06-27T11:34:42.274Z"}
{"level":"error","message":"Email already exist","timestamp":"2022-06-27T18:29:38.827Z"}
{"level":"error","message":"Password are not matching","timestamp":"2022-06-27T18:30:00.292Z"}
{"level":"info","message":"User registered successfully","timestamp":"2022-06-27T18:30:31.382Z"}
{"level":"error","message":"Email already exist","timestamp":"2022-06-27T18:32:14.961Z"}
{"level":"error","message":"Password are not matching","timestamp":"2022-06-27T18:32:23.647Z"}
{"level":"info","message":"User registered successfully","timestamp":"2022-06-27T18:32:31.093Z"}
{"level":"error","message":"Password incorrect","timestamp":"2022-06-27T18:44:16.856Z"}
{"level":"error","message":"Password incorrect","timestamp":"2022-06-27T18:45:05.865Z"}
{"level":"error","message":"User does not exist","timestamp":"2022-06-27T18:46:59.857Z"}
{"level":"error","message":"User does not exist","timestamp":"2022-06-27T18:47:39.239Z"}
{"level":"error","message":"User does not exist","timestamp":"2022-06-27T18:49:35.596Z"}
{"level":"error","message":"Password incorrect","timestamp":"2022-06-27T18:50:19.726Z"}
{"level":"error","message":"Password incorrect","timestamp":"2022-06-27T18:51:31.248Z"}
{"level":"error","message":"Password incorrect","timestamp":"2022-06-27T18:52:53.165Z"}
{"level":"error","message":"Password incorrect","timestamp":"2022-06-27T18:53:27.286Z"}
{"level":"error","message":"Password incorrect","timestamp":"2022-06-27T18:54:11.042Z"}
{"level":"error","message":"User does not exist","timestamp":"2022-06-27T18:54:18.319Z"}
{"level":"error","message":"Password incorrect","timestamp":"2022-06-27T18:54:34.501Z"}
{"level":"info","message":"User registered successfully","timestamp":"2022-06-27T18:55:16.299Z"}
{"level":"info","message":"loged in successfully","timestamp":"2022-06-27T18:55:24.458Z"}
{"level":"info","message":"loged in successfully","timestamp":"2022-06-27T18:56:02.334Z"}
{"level":"info","message":"loged in successfully","timestamp":"2022-06-27T18:57:07.731Z"}
{"level":"info","message":"loged in successfully","timestamp":"2022-06-27T18:57:56.342Z"}
{"level":"error","message":"Please enter valid credential","timestamp":"2022-06-27T19:09:03.524Z"}
{"level":"error","message":"Please enter valid credential","timestamp":"2022-06-27T19:09:08.746Z"}
{"level":"info","message":"logged in successfully","timestamp":"2022-06-27T19:09:33.274Z"}
{"level":"info","message":"logged in successfully","timestamp":"2022-06-27T19:46:44.839Z"}
{"level":"info","message":"logged in successfully","timestamp":"2022-06-27T19:47:11.571Z"}
{"level":"info","message":"logged in successfully","timestamp":"2022-06-27T19:47:49.758Z"}
{"level":"info","message":"logged in successfully","timestamp":"2022-06-27T19:52:01.474Z"}
{"level":"info","message":"logged in successfully","timestamp":"2022-06-27T19:52:41.424Z"}
{"level":"error","message":"Please enter valid credential","timestamp":"2022-06-28T12:44:28.414Z"}
{"level":"error","message":"Please enter valid credential","timestamp":"2022-06-28T12:44:32.351Z"}
{"level":"info","message":"logged in successfully","timestamp":"2022-06-28T15:06:18.868Z"}
{"level":"error","message":"please enter value of each field","timestamp":"2022-06-29T12:00:40.130Z"}
{"level":"error","message":"please enter value of each field","timestamp":"2022-06-29T12:11:19.042Z"}
{"level":"error","message":"Please enter valid credential","timestamp":"2022-06-29T12:11:23.250Z"}
{"level":"info","message":"logged in successfully","timestamp":"2022-06-29T17:57:24.939Z"}
{"level":"info","message":"logged in successfully","timestamp":"2022-06-29T17:58:41.762Z"}
{"level":"info","message":"logged in successfully","timestamp":"2022-06-29T17:59:30.604Z"}
{"level":"info","message":"logged in successfully","timestamp":"2022-06-29T18:00:43.203Z"}
{"level":"info","message":"logged in successfully","timestamp":"2022-06-29T18:01:02.111Z"}
{"level":"info","message":"logged in successfully","timestamp":"2022-06-29T18:25:02.920Z"}
{"level":"info","message":"logged in successfully","timestamp":"2022-06-29T18:27:59.076Z"}
{"level":"info","message":"logged in successfully","timestamp":"2022-06-29T18:29:40.372Z"}
{"level":"info","message":"logged in successfully","timestamp":"2022-06-29T18:30:56.218Z"}
{"level":"info","message":"logged in successfully","timestamp":"2022-06-29T18:33:28.266Z"}
{"level":"info","message":"logged in successfully","timestamp":"2022-06-29T18:35:24.785Z"}
{"level":"info","message":"logged in successfully","timestamp":"2022-06-29T18:37:43.542Z"}
{"level":"info","message":"logged in successfully","timestamp":"2022-06-29T18:47:08.691Z"}
{"level":"error","message":"Password incorrect","timestamp":"2022-06-30T05:23:26.664Z"}
{"level":"info","message":"logged in successfully","timestamp":"2022-06-30T17:56:29.355Z"}
{"level":"info","message":"logged in successfully","timestamp":"2022-06-30T17:57:52.007Z"}
{"level":"info","message":"logged in successfully","timestamp":"2022-06-30T17:59:05.523Z"}
{"level":"info","message":"logged in successfully","timestamp":"2022-06-30T18:00:24.480Z"}
{"level":"info","message":"logged in successfully","timestamp":"2022-06-30T18:02:56.668Z"}
{"level":"info","message":"logged in successfully","timestamp":"2022-06-30T18:03:14.661Z"}
{"level":"info","message":"logged in successfully","timestamp":"2022-06-30T18:04:48.899Z"}
{"level":"info","message":"logged in successfully","timestamp":"2022-06-30T18:05:50.053Z"}
{"level":"info","message":"logged in successfully","timestamp":"2022-06-30T18:07:30.749Z"}
{"level":"info","message":"logged in successfully","timestamp":"2022-06-30T18:13:35.666Z"}
{"level":"info","message":"logged in successfully","timestamp":"2022-06-30T18:16:00.799Z"}
{"level":"info","message":"logged in successfully","timestamp":"2022-06-30T18:19:08.934Z"}
{"level":"info","message":"logged in successfully","timestamp":"2022-06-30T18:31:28.137Z"}
{"level":"info","message":"logged in successfully","timestamp":"2022-06-30T18:32:07.920Z"}
{"level":"info","message":"logged in successfully","timestamp":"2022-06-30T18:34:38.601Z"}
{"level":"info","message":"logged in successfully","timestamp":"2022-06-30T18:38:53.975Z"}
{"level":"info","message":"logged in successfully","timestamp":"2022-06-30T18:43:55.816Z"}
{"level":"info","message":"logged in successfully","timestamp":"2022-06-30T18:49:00.695Z"}
{"level":"info","message":"logged in successfully","timestamp":"2022-06-30T18:51:15.972Z"}
{"level":"info","message":"logged in successfully","timestamp":"2022-06-30T18:53:10.450Z"}
{"level":"info","message":"logged in successfully","timestamp":"2022-06-30T19:28:14.117Z"}
{"level":"info","message":"logged in successfully","timestamp":"2022-06-30T19:34:58.715Z"}
{"level":"info","message":"logged in successfully","timestamp":"2022-06-30T19:47:09.716Z"}
{"level":"info","message":"logged in successfully","timestamp":"2022-06-30T19:49:10.245Z"}
{"level":"info","message":"logged in successfully","timestamp":"2022-06-30T19:50:47.541Z"}
{"level":"info","message":"logged in successfully","timestamp":"2022-07-01T04:00:06.037Z"}
{"level":"info","message":"logged in successfully","timestamp":"2022-07-01T04:05:18.392Z"}
{"level":"info","message":"logged in successfully","timestamp":"2022-07-01T09:05:31.295Z"}
{"level":"error","message":"please enter value of each field","timestamp":"2022-07-01T11:12:23.465Z"}
{"level":"error","message":"Email already exist","timestamp":"2022-07-01T11:12:37.367Z"}
{"level":"info","message":"User registered successfully","timestamp":"2022-07-01T11:12:54.658Z"}
{"level":"info","message":"logged in successfully","timestamp":"2022-07-01T11:13:23.867Z"}
{"level":"error","message":"Password incorrect","timestamp":"2022-07-01T11:13:43.767Z"}
{"level":"error","message":"Please enter valid credential","timestamp":"2022-07-01T11:13:53.368Z"}
{"level":"error","message":"Please enter valid credential","timestamp":"2022-07-04T09:43:56.638Z"}
{"level":"error","message":"Password incorrect","timestamp":"2022-07-04T09:44:00.866Z"}
{"level":"error","message":"Please enter valid credential","timestamp":"2022-07-04T10:02:02.304Z"}
{"level":"info","message":"logged in successfully","timestamp":"2022-07-04T10:02:08.854Z"}
