{"level":"error","message":"Email already exist","timestamp":"2022-05-30T04:40:38.036Z"}
{"level":"error","message":"Password are not matching","timestamp":"2022-05-30T04:41:30.627Z"}
{"level":"error","message":"Password are not matching","timestamp":"2022-05-30T04:42:00.261Z"}
{"level":"error","message":"Password incorrect","timestamp":"2022-05-30T04:42:32.059Z"}
{"level":"error","message":"Password incorrect","timestamp":"2022-05-30T05:12:32.442Z"}
{"level":"error","message":"Email already exist","timestamp":"2022-05-30T05:29:03.134Z"}
{"level":"error","message":"Email already exist","timestamp":"2022-05-30T05:39:17.684Z"}
{"level":"error","message":"User does not exist","timestamp":"2022-05-30T12:01:37.657Z"}
{"level":"error","message":"User does not exist","timestamp":"2022-05-31T12:27:06.024Z"}
{"level":"error","message":"User does not exist","timestamp":"2022-05-31T16:35:49.272Z"}
{"level":"error","message":"User does not exist","timestamp":"2022-05-31T18:23:03.718Z"}
{"level":"error","message":"User does not exist","timestamp":"2022-06-01T06:06:09.484Z"}
{"level":"error","message":"User does not exist","timestamp":"2022-06-02T05:05:49.259Z"}
{"level":"error","message":"User does not exist","timestamp":"2022-06-03T04:10:16.609Z"}
{"level":"error","message":"User does not exist","timestamp":"2022-06-03T05:40:25.955Z"}
{"level":"error","message":"User does not exist","timestamp":"2022-06-10T09:27:08.194Z"}
{"level":"error","message":"Password incorrect","timestamp":"2022-06-11T13:10:02.740Z"}
{"level":"error","message":"User does not exist","timestamp":"2022-06-20T05:18:58.128Z"}
{"level":"error","message":"User does not exist","timestamp":"2022-06-27T11:34:33.193Z"}
{"level":"error","message":"User does not exist","timestamp":"2022-06-27T11:34:42.274Z"}
{"level":"error","message":"Email already exist","timestamp":"2022-06-27T18:29:38.829Z"}
{"level":"error","message":"Password are not matching","timestamp":"2022-06-27T18:30:00.292Z"}
{"level":"error","message":"Email already exist","timestamp":"2022-06-27T18:32:14.962Z"}
{"level":"error","message":"Password are not matching","timestamp":"2022-06-27T18:32:23.648Z"}
{"level":"error","message":"Password incorrect","timestamp":"2022-06-27T18:44:16.858Z"}
{"level":"error","message":"Password incorrect","timestamp":"2022-06-27T18:45:05.867Z"}
{"level":"error","message":"User does not exist","timestamp":"2022-06-27T18:46:59.858Z"}
{"level":"error","message":"User does not exist","timestamp":"2022-06-27T18:47:39.240Z"}
{"level":"error","message":"User does not exist","timestamp":"2022-06-27T18:49:35.600Z"}
{"level":"error","message":"Password incorrect","timestamp":"2022-06-27T18:50:19.726Z"}
{"level":"error","message":"Password incorrect","timestamp":"2022-06-27T18:51:31.249Z"}
{"level":"error","message":"Password incorrect","timestamp":"2022-06-27T18:52:53.166Z"}
{"level":"error","message":"Password incorrect","timestamp":"2022-06-27T18:53:27.287Z"}
{"level":"error","message":"Password incorrect","timestamp":"2022-06-27T18:54:11.044Z"}
{"level":"error","message":"User does not exist","timestamp":"2022-06-27T18:54:18.319Z"}
{"level":"error","message":"Password incorrect","timestamp":"2022-06-27T18:54:34.502Z"}
{"level":"error","message":"Please enter valid credential","timestamp":"2022-06-27T19:09:03.527Z"}
{"level":"error","message":"Please enter valid credential","timestamp":"2022-06-27T19:09:08.746Z"}
{"level":"error","message":"Please enter valid credential","timestamp":"2022-06-28T12:44:28.416Z"}
{"level":"error","message":"Please enter valid credential","timestamp":"2022-06-28T12:44:32.351Z"}
{"level":"error","message":"please enter value of each field","timestamp":"2022-06-29T12:00:40.133Z"}
{"level":"error","message":"please enter value of each field","timestamp":"2022-06-29T12:11:19.042Z"}
{"level":"error","message":"Please enter valid credential","timestamp":"2022-06-29T12:11:23.251Z"}
{"level":"error","message":"Password incorrect","timestamp":"2022-06-30T05:23:26.664Z"}
{"level":"error","message":"please enter value of each field","timestamp":"2022-07-01T11:12:23.466Z"}
{"level":"error","message":"Email already exist","timestamp":"2022-07-01T11:12:37.367Z"}
{"level":"error","message":"Password incorrect","timestamp":"2022-07-01T11:13:43.767Z"}
{"level":"error","message":"Please enter valid credential","timestamp":"2022-07-01T11:13:53.368Z"}
{"level":"error","message":"Please enter valid credential","timestamp":"2022-07-04T09:43:56.640Z"}
{"level":"error","message":"Password incorrect","timestamp":"2022-07-04T09:44:00.866Z"}
{"level":"error","message":"Please enter valid credential","timestamp":"2022-07-04T10:02:02.304Z"}
